<?xml version="1.0" encoding="UTF-8"?>
<testng-results skipped="0" failed="0" ignored="0" total="1" passed="1">
  <reporter-output>
  </reporter-output>
  <suite name="Surefire suite" duration-ms="394" started-at="2019-08-21T02:59:57Z" finished-at="2019-08-21T02:59:58Z">
    <groups>
      <group name="cucumber">
        <method signature="AbstractTestNGCucumberTests.runScenario(io.cucumber.testng.PickleEventWrapper, io.cucumber.testng.CucumberFeatureWrapper)[pri:0, instance:runner.Runner@5f2050f6]" name="runScenario" class="io.cucumber.testng.AbstractTestNGCucumberTests"/>
      </group> <!-- cucumber -->
    </groups>
    <test name="Surefire test" duration-ms="394" started-at="2019-08-21T02:59:57Z" finished-at="2019-08-21T02:59:58Z">
      <class name="runner.Runner">
        <test-method status="PASS" signature="setUpClass()[pri:0, instance:runner.Runner@5f2050f6]" name="setUpClass" is-config="true" duration-ms="141" started-at="2019-08-21T02:59:57Z" finished-at="2019-08-21T02:59:57Z">
          <reporter-output>
          </reporter-output>
        </test-method> <!-- setUpClass -->
        <test-method status="PASS" signature="runScenario(io.cucumber.testng.PickleEventWrapper, io.cucumber.testng.CucumberFeatureWrapper)[pri:0, instance:runner.Runner@5f2050f6]" name="runScenario" duration-ms="133" started-at="2019-08-21T02:59:57Z" description="Runs Cucumber Scenarios" data-provider="scenarios" finished-at="2019-08-21T02:59:57Z">
          <params>
            <param index="0">
              <value>
                <![CDATA["Get the intraday status"]]>
              </value>
            </param>
            <param index="1">
              <value>
                <![CDATA["Market data"]]>
              </value>
            </param>
          </params>
          <reporter-output>
          </reporter-output>
        </test-method> <!-- runScenario -->
        <test-method status="PASS" signature="tearDownClass()[pri:0, instance:runner.Runner@5f2050f6]" name="tearDownClass" is-config="true" duration-ms="44" started-at="2019-08-21T02:59:57Z" finished-at="2019-08-21T02:59:58Z">
          <reporter-output>
          </reporter-output>
        </test-method> <!-- tearDownClass -->
      </class> <!-- runner.Runner -->
    </test> <!-- Surefire test -->
  </suite> <!-- Surefire suite -->
</testng-results>
